<?xml version="1.0" encoding="UTF-8"?>
<!-- Generated by org.testng.reporters.JUnitReportReporter -->
<testsuite hostname="2437-T3610" name="firsttestngpackage.HLLazyLoadAdsTests" tests="4" failures="0" timestamp="13 Sep 2016 15:34:01 GMT" time="30.149" errors="0">
  <testcase name="testLazyLoadAdLB" time="4.508" classname="firsttestngpackage.HLLazyLoadAdsTests"/>
  <testcase name="testLazyLoadAdMR1" time="16.659" classname="firsttestngpackage.HLLazyLoadAdsTests"/>
  <testcase name="testLazyLoadAdMR2" time="4.455" classname="firsttestngpackage.HLLazyLoadAdsTests"/>
  <testcase name="testLazyLoadAdMR3" time="4.527" classname="firsttestngpackage.HLLazyLoadAdsTests"/>
</testsuite> <!-- firsttestngpackage.HLLazyLoadAdsTests -->
