<?xml version="1.0" encoding="UTF-8"?>
<!-- Generated by org.testng.reporters.JUnitReportReporter -->
<testsuite hostname="2437-T3610" name="firsttestngpackage.HeaderBidding" tests="1" failures="0" timestamp="19 Apr 2017 18:21:50 GMT" time="815.475" errors="0">
  <testcase name="testTabArticle" time="815.475" classname="firsttestngpackage.HeaderBidding"/>
</testsuite> <!-- firsttestngpackage.HeaderBidding -->
