<?xml version="1.0" encoding="UTF-8"?>
<!-- Generated by org.testng.reporters.JUnitReportReporter -->
<testsuite hostname="2437-T3610" name="hlauto.VerifyAdCalls" tests="2" failures="0" timestamp="12 May 2017 16:06:06 GMT" time="62.454" errors="0">
  <testcase name="testTabArticle" time="62.171" classname="hlauto.VerifyAdCalls"/>
  <testcase name="testParseHarFile" time="0.283" classname="hlauto.VerifyAdCalls"/>
</testsuite> <!-- hlauto.VerifyAdCalls -->
