<?xml version="1.0" encoding="UTF-8"?>
<!-- Generated by org.testng.reporters.JUnitReportReporter -->
<testsuite hostname="2437-T3610" name="firsttestngpackage.HLNewsletterTest" tests="2" failures="0" timestamp="26 Oct 2016 03:15:23 GMT" time="51.751" errors="0">
  <testcase name="testNewsletterWidget" time="48.096" classname="firsttestngpackage.HLNewsletterTest"/>
  <testcase name="testSailThru" time="3.655" classname="firsttestngpackage.HLNewsletterTest"/>
</testsuite> <!-- firsttestngpackage.HLNewsletterTest -->
