<?xml version="1.0" encoding="UTF-8"?>
<!-- Generated by org.testng.reporters.JUnitReportReporter -->
<testsuite hostname="2437-T3610" name="hlauto.HeaderBidding" tests="2" failures="0" timestamp="10 May 2017 20:17:00 GMT" time="749.871" errors="0">
  <testcase name="testTabArticle" time="748.484" classname="hlauto.HeaderBidding"/>
  <testcase name="testParseHarFile" time="1.387" classname="hlauto.HeaderBidding"/>
</testsuite> <!-- hlauto.HeaderBidding -->
