<?xml version="1.0" encoding="UTF-8"?>
<!-- Generated by org.testng.reporters.JUnitReportReporter -->
<testsuite hostname="2437-T3610" name="cssvalues.VerifyStyles" tests="1" failures="0" timestamp="31 Mar 2017 20:43:30 GMT" time="49.600" errors="0">
  <testcase name="getCSSStyles" time="49.600" classname="cssvalues.VerifyStyles"/>
</testsuite> <!-- cssvalues.VerifyStyles -->
