<?xml version="1.0" encoding="UTF-8"?>
<!-- Generated by org.testng.reporters.JUnitReportReporter -->
<testsuite hostname="2437-T3610" name="test.VerifyStyles" tests="1" failures="0" timestamp="24 Mar 2017 18:59:34 GMT" time="57.361" errors="0">
  <testcase name="f" time="57.361" classname="test.VerifyStyles"/>
</testsuite> <!-- test.VerifyStyles -->
